<?xml version="1.0" encoding="UTF-8"?>
<testng-results ignored="0" total="2" passed="2" failed="0" skipped="0">
  <reporter-output>
  </reporter-output>
  <suite started-at="2025-02-28T13:26:34 IST" name="Suite" finished-at="2025-02-28T13:26:45 IST" duration-ms="11173">
    <groups>
    </groups>
    <test started-at="2025-02-28T13:26:34 IST" name="TestA" finished-at="2025-02-28T13:26:40 IST" duration-ms="6224">
      <class name="com.actiTime.testscript.CrossBrowser">
        <test-method signature="crossBrows(java.lang.String)[pri:0, instance:com.actiTime.testscript.CrossBrowser@479d31f3]" started-at="2025-02-28T13:26:34 IST" name="crossBrows" finished-at="2025-02-28T13:26:40 IST" duration-ms="6174" status="PASS">
          <params>
            <param index="0">
              <value>
                <![CDATA[chrome]]>
              </value>
            </param>
          </params>
          <reporter-output>
          </reporter-output>
        </test-method> <!-- crossBrows -->
      </class> <!-- com.actiTime.testscript.CrossBrowser -->
    </test> <!-- TestA -->
    <test started-at="2025-02-28T13:26:34 IST" name="TestB" finished-at="2025-02-28T13:26:45 IST" duration-ms="11173">
      <class name="com.actiTime.testscript.CrossBrowser">
        <test-method signature="crossBrows(java.lang.String)[pri:0, instance:com.actiTime.testscript.CrossBrowser@49ec71f8]" started-at="2025-02-28T13:26:34 IST" name="crossBrows" finished-at="2025-02-28T13:26:45 IST" duration-ms="11126" status="PASS">
          <params>
            <param index="0">
              <value>
                <![CDATA[firefox]]>
              </value>
            </param>
          </params>
          <reporter-output>
          </reporter-output>
        </test-method> <!-- crossBrows -->
      </class> <!-- com.actiTime.testscript.CrossBrowser -->
    </test> <!-- TestB -->
  </suite> <!-- Suite -->
</testng-results>
