<?xml version="1.0" encoding="UTF-8"?>
<!-- Generated by org.testng.reporters.JUnitXMLReporter -->
<testsuite ignored="0" hostname="DESKTOP-C5MOIC3" failures="0" tests="6" name="Default test" time="32.847" errors="0" timestamp="2025-02-28T12:23:15 IST">
  <testcase classname="dataProviders.LearnDataProvider" name="demoA" time="4.636"/>
  <testcase classname="dataProviders.LearnDataProvider" name="demoA" time="4.89"/>
  <testcase classname="dataProviders.LearnDataProvider" name="demoA" time="5.387"/>
  <testcase classname="dataProviders.LearnDataProvider" name="demoA" time="5.379"/>
  <testcase classname="dataProviders.LearnDataProvider" name="demoA" time="6.242"/>
  <testcase classname="dataProviders.LearnDataProvider" name="demoA" time="6.259"/>
</testsuite> <!-- Default test -->
